#-----------------------------------------------------------
# Vivado v2018.1 (64-bit)
# SW Build 2188600 on Wed Apr  4 18:40:38 MDT 2018
# IP Build 2185939 on Wed Apr  4 20:55:05 MDT 2018
# Start of session at: Sat Dec  1 17:40:05 2018
# Process ID: 23240
# Current directory: C:/Users/blade/Desktop/Riscv-cpu/thinpad_top-rev.2
# Command line: vivado.exe -gui_launcher_event rodinguilauncherevent12676 C:\Users\blade\Desktop\Riscv-cpu\thinpad_top-rev.2\thinpad_top.xpr
# Log file: C:/Users/blade/Desktop/Riscv-cpu/thinpad_top-rev.2/vivado.log
# Journal file: C:/Users/blade/Desktop/Riscv-cpu/thinpad_top-rev.2\vivado.jou
#-----------------------------------------------------------
start_gui
open_project C:/Users/blade/Desktop/Riscv-cpu/thinpad_top-rev.2/thinpad_top.xpr
Scanning sources...
Finished scanning sources
INFO: [IP_Flow 19-234] Refreshing IP repositories
INFO: [IP_Flow 19-1704] No user IP repositories specified
INFO: [IP_Flow 19-2313] Loaded Vivado IP repository 'D:/Vivado/Vivado/2018.1/data/ip'.
open_project: Time (s): cpu = 00:00:14 ; elapsed = 00:00:07 . Memory (MB): peak = 885.488 ; gain = 147.176
update_compile_order -fileset sources_1
open_hw
connect_hw_server
INFO: [Labtools 27-2285] Connecting to hw_server url TCP:localhost:3121
INFO: [Labtools 27-2222] Launching hw_server...
INFO: [Labtools 27-2221] Launch Output:

****** Xilinx hw_server v2018.1
  **** Build date : Apr  4 2018-19:32:53
    ** Copyright 1986-2018 Xilinx, Inc. All Rights Reserved.


ERROR: [Labtoolstcl 44-494] There is no active target available for server at localhost.
 Targets(s) ", jsn1" may be locked by another hw_server.
open_hw_target -xvc_url 192.168.8.8:2542
ERROR: [Labtools 27-3094] Timeout while opening port to xvc server 192.168.8.8:2542.
ERROR: [Labtoolstcl 44-474] Unable to open target, reverting to current target
exit
INFO: [Common 17-206] Exiting Vivado at Sat Dec  1 17:43:56 2018...
