#-----------------------------------------------------------
# Vivado v2018.1 (64-bit)
# SW Build 2188600 on Wed Apr  4 18:40:38 MDT 2018
# IP Build 2185939 on Wed Apr  4 20:55:05 MDT 2018
# Start of session at: Fri Nov 30 19:48:04 2018
# Process ID: 25360
# Current directory: C:/Users/blade/Desktop/Riscv-cpu/thinpad_top-rev.2
# Command line: vivado.exe -gui_launcher_event rodinguilauncherevent25540 C:\Users\blade\Desktop\Riscv-cpu\thinpad_top-rev.2\thinpad_top.xpr
# Log file: C:/Users/blade/Desktop/Riscv-cpu/thinpad_top-rev.2/vivado.log
# Journal file: C:/Users/blade/Desktop/Riscv-cpu/thinpad_top-rev.2\vivado.jou
#-----------------------------------------------------------
start_gui
open_project C:/Users/blade/Desktop/Riscv-cpu/thinpad_top-rev.2/thinpad_top.xpr
Scanning sources...
Finished scanning sources
INFO: [IP_Flow 19-234] Refreshing IP repositories
INFO: [IP_Flow 19-1704] No user IP repositories specified
INFO: [IP_Flow 19-2313] Loaded Vivado IP repository 'D:/Vivado/Vivado/2018.1/data/ip'.
open_project: Time (s): cpu = 00:00:13 ; elapsed = 00:00:07 . Memory (MB): peak = 813.621 ; gain = 71.914
update_compile_order -fileset sources_1
close [ open C:/Users/blade/Desktop/Riscv-cpu/thinpad_top-rev.2/thinpad_top.srcs/sources_1/new/Transport.v w ]
add_files C:/Users/blade/Desktop/Riscv-cpu/thinpad_top-rev.2/thinpad_top.srcs/sources_1/new/Transport.v
update_compile_order -fileset sources_1
export_ip_user_files -of_objects  [get_files C:/Users/blade/Desktop/Riscv-cpu/thinpad_top-rev.2/thinpad_top.srcs/sources_1/new/Transport.v] -no_script -reset -force -quiet
remove_files  C:/Users/blade/Desktop/Riscv-cpu/thinpad_top-rev.2/thinpad_top.srcs/sources_1/new/Transport.v
file delete -force C:/Users/blade/Desktop/Riscv-cpu/thinpad_top-rev.2/thinpad_top.srcs/sources_1/new/Transport.v
close [ open C:/Users/blade/Desktop/Riscv-cpu/thinpad_top-rev.2/thinpad_top.srcs/sources_1/new/DTC.v w ]
add_files C:/Users/blade/Desktop/Riscv-cpu/thinpad_top-rev.2/thinpad_top.srcs/sources_1/new/DTC.v
update_compile_order -fileset sources_1
export_ip_user_files -of_objects  [get_files C:/Users/blade/Desktop/Riscv-cpu/thinpad_top-rev.2/thinpad_top.srcs/sources_1/new/DTC.v] -no_script -reset -force -quiet
remove_files  C:/Users/blade/Desktop/Riscv-cpu/thinpad_top-rev.2/thinpad_top.srcs/sources_1/new/DTC.v
file delete -force C:/Users/blade/Desktop/Riscv-cpu/thinpad_top-rev.2/thinpad_top.srcs/sources_1/new/DTC.v
close [ open C:/Users/blade/Desktop/Riscv-cpu/thinpad_top-rev.2/thinpad_top.srcs/sources_1/new/TC.v w ]
add_files C:/Users/blade/Desktop/Riscv-cpu/thinpad_top-rev.2/thinpad_top.srcs/sources_1/new/TC.v
update_compile_order -fileset sources_1
close [ open C:/Users/blade/Desktop/Riscv-cpu/thinpad_top-rev.2/thinpad_top.srcs/sources_1/new/SCU.v w ]
add_files C:/Users/blade/Desktop/Riscv-cpu/thinpad_top-rev.2/thinpad_top.srcs/sources_1/new/SCU.v
update_compile_order -fileset sources_1
exit
INFO: [Common 17-206] Exiting Vivado at Sat Dec  1 00:31:22 2018...
