#-----------------------------------------------------------
# Vivado v2018.1 (64-bit)
# SW Build 2188600 on Wed Apr  4 18:40:38 MDT 2018
# IP Build 2185939 on Wed Apr  4 20:55:05 MDT 2018
# Start of session at: Fri Nov 30 18:58:16 2018
# Process ID: 8572
# Current directory: C:/Users/blade/Desktop/thinpad_top-rev.2/thinpad_top-rev.2
# Command line: vivado.exe -gui_launcher_event rodinguilauncherevent28676 C:\Users\blade\Desktop\thinpad_top-rev.2\thinpad_top-rev.2\thinpad_top.xpr
# Log file: C:/Users/blade/Desktop/thinpad_top-rev.2/thinpad_top-rev.2/vivado.log
# Journal file: C:/Users/blade/Desktop/thinpad_top-rev.2/thinpad_top-rev.2\vivado.jou
#-----------------------------------------------------------
start_gui
open_project C:/Users/blade/Desktop/thinpad_top-rev.2/thinpad_top-rev.2/thinpad_top.xpr
Scanning sources...
Finished scanning sources
INFO: [IP_Flow 19-234] Refreshing IP repositories
INFO: [IP_Flow 19-1704] No user IP repositories specified
INFO: [IP_Flow 19-2313] Loaded Vivado IP repository 'D:/Vivado/Vivado/2018.1/data/ip'.
open_project: Time (s): cpu = 00:00:11 ; elapsed = 00:00:06 . Memory (MB): peak = 816.797 ; gain = 66.078
update_compile_order -fileset sources_1
exit
INFO: [Common 17-206] Exiting Vivado at Fri Nov 30 18:59:28 2018...
