#-----------------------------------------------------------
# Vivado v2018.1 (64-bit)
# SW Build 2188600 on Wed Apr  4 18:40:38 MDT 2018
# IP Build 2185939 on Wed Apr  4 20:55:05 MDT 2018
# Start of session at: Fri Nov 30 19:26:59 2018
# Process ID: 36444
# Current directory: C:/Users/blade/Desktop/Riscv-cpu/thinpad_top-rev.2
# Command line: vivado.exe -gui_launcher_event rodinguilauncherevent15764 C:\Users\blade\Desktop\Riscv-cpu\thinpad_top-rev.2\thinpad_top.xpr
# Log file: C:/Users/blade/Desktop/Riscv-cpu/thinpad_top-rev.2/vivado.log
# Journal file: C:/Users/blade/Desktop/Riscv-cpu/thinpad_top-rev.2\vivado.jou
#-----------------------------------------------------------
start_gui
open_project C:/Users/blade/Desktop/Riscv-cpu/thinpad_top-rev.2/thinpad_top.xpr
INFO: [Project 1-313] Project file moved from 'C:/Users/blade/Desktop/thinpad_top-rev.2/thinpad_top-rev.2' since last save.
Scanning sources...
Finished scanning sources
INFO: [IP_Flow 19-234] Refreshing IP repositories
INFO: [IP_Flow 19-1704] No user IP repositories specified
INFO: [IP_Flow 19-2313] Loaded Vivado IP repository 'D:/Vivado/Vivado/2018.1/data/ip'.
open_project: Time (s): cpu = 00:00:12 ; elapsed = 00:00:07 . Memory (MB): peak = 838.695 ; gain = 77.770
update_compile_order -fileset sources_1
import_files
INFO: [filemgmt 20-334] All file(s) are already imported in fileset: 'pll_example'
INFO: [filemgmt 20-348] Importing the appropriate files for fileset: 'pll_example'
INFO: [filemgmt 20-334] All file(s) are already imported in fileset: 'constrs_1'
INFO: [filemgmt 20-348] Importing the appropriate files for fileset: 'constrs_1'
INFO: [filemgmt 20-334] All file(s) are already imported in fileset: 'sim_1'
INFO: [filemgmt 20-348] Importing the appropriate files for fileset: 'sim_1'
INFO: [filemgmt 20-348] Importing the appropriate files for fileset: 'sources_1'
exit
INFO: [Common 17-206] Exiting Vivado at Fri Nov 30 19:29:07 2018...
